<?xml version="1.0" encoding="UTF-8"?>
<testng-results ignored="0" total="11" passed="10" failed="1" skipped="0">
  <reporter-output>
  </reporter-output>
  <suite started-at="٢٠٢٢-٠٥-١٨T٠٢:٤٦:١١ EEST" name="Default suite" finished-at="٢٠٢٢-٠٥-١٨T٠٢:٤٦:١١ EEST" duration-ms="43">
    <groups>
    </groups>
    <test started-at="٢٠٢٢-٠٥-١٨T٠٢:٤٦:١١ EEST" name="Default test" finished-at="٢٠٢٢-٠٥-١٨T٠٢:٤٦:١١ EEST" duration-ms="43">
      <class name="stdNumber_project.StdNumberTestNG">
        <test-method is-config="true" signature="setUp()[pri:0, instance:stdNumber_project.StdNumberTestNG@5ccddd20]" started-at="٢٠٢٢-٠٥-١٨T٠٢:٤٦:١١ EEST" name="setUp" finished-at="٢٠٢٢-٠٥-١٨T٠٢:٤٦:١١ EEST" duration-ms="3" status="PASS">
          <reporter-output>
          </reporter-output>
        </test-method> <!-- setUp -->
        <test-method signature="test1()[pri:0, instance:stdNumber_project.StdNumberTestNG@5ccddd20]" started-at="٢٠٢٢-٠٥-١٨T٠٢:٤٦:١١ EEST" name="test1" finished-at="٢٠٢٢-٠٥-١٨T٠٢:٤٦:١١ EEST" duration-ms="3" status="PASS">
          <reporter-output>
          </reporter-output>
        </test-method> <!-- test1 -->
        <test-method signature="test10()[pri:0, instance:stdNumber_project.StdNumberTestNG@5ccddd20]" started-at="٢٠٢٢-٠٥-١٨T٠٢:٤٦:١١ EEST" name="test10" finished-at="٢٠٢٢-٠٥-١٨T٠٢:٤٦:١١ EEST" duration-ms="0" status="PASS">
          <reporter-output>
          </reporter-output>
        </test-method> <!-- test10 -->
        <test-method is-config="true" signature="setUp()[pri:0, instance:stdNumber_project.StdNumberTestNG@5ccddd20]" started-at="٢٠٢٢-٠٥-١٨T٠٢:٤٦:١١ EEST" name="setUp" finished-at="٢٠٢٢-٠٥-١٨T٠٢:٤٦:١١ EEST" duration-ms="0" status="PASS">
          <reporter-output>
          </reporter-output>
        </test-method> <!-- setUp -->
        <test-method signature="test11()[pri:0, instance:stdNumber_project.StdNumberTestNG@5ccddd20]" started-at="٢٠٢٢-٠٥-١٨T٠٢:٤٦:١١ EEST" name="test11" finished-at="٢٠٢٢-٠٥-١٨T٠٢:٤٦:١١ EEST" duration-ms="2" status="FAIL">
          <exception class="java.lang.AssertionError">
            <message>
              <![CDATA[Failed Test expected [false] but found [true]]]>
            </message>
            <full-stacktrace>
              <![CDATA[java.lang.AssertionError: Failed Test expected [false] but found [true]
at org.testng.Assert.fail(Assert.java:99)
at org.testng.Assert.failNotEquals(Assert.java:1037)
at org.testng.Assert.assertEqualsImpl(Assert.java:140)
at org.testng.Assert.assertEquals(Assert.java:122)
at stdNumber_project.StdNumberTestNG.test11(StdNumberTestNG.java:21)
at java.base/jdk.internal.reflect.NativeMethodAccessorImpl.invoke0(Native Method)
at java.base/jdk.internal.reflect.NativeMethodAccessorImpl.invoke(NativeMethodAccessorImpl.java:77)
at java.base/jdk.internal.reflect.DelegatingMethodAccessorImpl.invoke(DelegatingMethodAccessorImpl.java:43)
at java.base/java.lang.reflect.Method.invoke(Method.java:568)
at org.testng.internal.MethodInvocationHelper.invokeMethod(MethodInvocationHelper.java:133)
at org.testng.internal.TestInvoker.invokeMethod(TestInvoker.java:598)
at org.testng.internal.TestInvoker.invokeTestMethod(TestInvoker.java:173)
at org.testng.internal.MethodRunner.runInSequence(MethodRunner.java:46)
at org.testng.internal.TestInvoker$MethodInvocationAgent.invoke(TestInvoker.java:824)
at org.testng.internal.TestInvoker.invokeTestMethods(TestInvoker.java:146)
at org.testng.internal.TestMethodWorker.invokeTestMethods(TestMethodWorker.java:146)
at org.testng.internal.TestMethodWorker.run(TestMethodWorker.java:128)
at java.base/java.util.ArrayList.forEach(ArrayList.java:1511)
at org.testng.TestRunner.privateRun(TestRunner.java:794)
at org.testng.TestRunner.run(TestRunner.java:596)
at org.testng.SuiteRunner.runTest(SuiteRunner.java:377)
at org.testng.SuiteRunner.runSequentially(SuiteRunner.java:371)
at org.testng.SuiteRunner.privateRun(SuiteRunner.java:332)
at org.testng.SuiteRunner.run(SuiteRunner.java:276)
at org.testng.SuiteRunnerWorker.runSuite(SuiteRunnerWorker.java:53)
at org.testng.SuiteRunnerWorker.run(SuiteRunnerWorker.java:96)
at org.testng.TestNG.runSuitesSequentially(TestNG.java:1212)
at org.testng.TestNG.runSuitesLocally(TestNG.java:1134)
at org.testng.TestNG.runSuites(TestNG.java:1063)
at org.testng.TestNG.run(TestNG.java:1031)
at org.testng.remote.AbstractRemoteTestNG.run(AbstractRemoteTestNG.java:115)
at org.testng.remote.RemoteTestNG.initAndRun(RemoteTestNG.java:251)
at org.testng.remote.RemoteTestNG.main(RemoteTestNG.java:77)
]]>
            </full-stacktrace>
          </exception> <!-- java.lang.AssertionError -->
          <reporter-output>
          </reporter-output>
        </test-method> <!-- test11 -->
        <test-method is-config="true" signature="setUp()[pri:0, instance:stdNumber_project.StdNumberTestNG@5ccddd20]" started-at="٢٠٢٢-٠٥-١٨T٠٢:٤٦:١١ EEST" name="setUp" finished-at="٢٠٢٢-٠٥-١٨T٠٢:٤٦:١١ EEST" duration-ms="0" status="PASS">
          <reporter-output>
          </reporter-output>
        </test-method> <!-- setUp -->
        <test-method is-config="true" signature="setUp()[pri:0, instance:stdNumber_project.StdNumberTestNG@5ccddd20]" started-at="٢٠٢٢-٠٥-١٨T٠٢:٤٦:١١ EEST" name="setUp" finished-at="٢٠٢٢-٠٥-١٨T٠٢:٤٦:١١ EEST" duration-ms="0" status="PASS">
          <reporter-output>
          </reporter-output>
        </test-method> <!-- setUp -->
        <test-method signature="test2()[pri:0, instance:stdNumber_project.StdNumberTestNG@5ccddd20]" started-at="٢٠٢٢-٠٥-١٨T٠٢:٤٦:١١ EEST" name="test2" finished-at="٢٠٢٢-٠٥-١٨T٠٢:٤٦:١١ EEST" duration-ms="1" status="PASS">
          <reporter-output>
          </reporter-output>
        </test-method> <!-- test2 -->
        <test-method signature="test3()[pri:0, instance:stdNumber_project.StdNumberTestNG@5ccddd20]" started-at="٢٠٢٢-٠٥-١٨T٠٢:٤٦:١١ EEST" name="test3" finished-at="٢٠٢٢-٠٥-١٨T٠٢:٤٦:١١ EEST" duration-ms="1" status="PASS">
          <reporter-output>
          </reporter-output>
        </test-method> <!-- test3 -->
        <test-method is-config="true" signature="setUp()[pri:0, instance:stdNumber_project.StdNumberTestNG@5ccddd20]" started-at="٢٠٢٢-٠٥-١٨T٠٢:٤٦:١١ EEST" name="setUp" finished-at="٢٠٢٢-٠٥-١٨T٠٢:٤٦:١١ EEST" duration-ms="0" status="PASS">
          <reporter-output>
          </reporter-output>
        </test-method> <!-- setUp -->
        <test-method signature="test4()[pri:0, instance:stdNumber_project.StdNumberTestNG@5ccddd20]" started-at="٢٠٢٢-٠٥-١٨T٠٢:٤٦:١١ EEST" name="test4" finished-at="٢٠٢٢-٠٥-١٨T٠٢:٤٦:١١ EEST" duration-ms="1" status="PASS">
          <reporter-output>
          </reporter-output>
        </test-method> <!-- test4 -->
        <test-method is-config="true" signature="setUp()[pri:0, instance:stdNumber_project.StdNumberTestNG@5ccddd20]" started-at="٢٠٢٢-٠٥-١٨T٠٢:٤٦:١١ EEST" name="setUp" finished-at="٢٠٢٢-٠٥-١٨T٠٢:٤٦:١١ EEST" duration-ms="0" status="PASS">
          <reporter-output>
          </reporter-output>
        </test-method> <!-- setUp -->
        <test-method is-config="true" signature="setUp()[pri:0, instance:stdNumber_project.StdNumberTestNG@5ccddd20]" started-at="٢٠٢٢-٠٥-١٨T٠٢:٤٦:١١ EEST" name="setUp" finished-at="٢٠٢٢-٠٥-١٨T٠٢:٤٦:١١ EEST" duration-ms="1" status="PASS">
          <reporter-output>
          </reporter-output>
        </test-method> <!-- setUp -->
        <test-method signature="test5()[pri:0, instance:stdNumber_project.StdNumberTestNG@5ccddd20]" started-at="٢٠٢٢-٠٥-١٨T٠٢:٤٦:١١ EEST" name="test5" finished-at="٢٠٢٢-٠٥-١٨T٠٢:٤٦:١١ EEST" duration-ms="0" status="PASS">
          <reporter-output>
          </reporter-output>
        </test-method> <!-- test5 -->
        <test-method is-config="true" signature="setUp()[pri:0, instance:stdNumber_project.StdNumberTestNG@5ccddd20]" started-at="٢٠٢٢-٠٥-١٨T٠٢:٤٦:١١ EEST" name="setUp" finished-at="٢٠٢٢-٠٥-١٨T٠٢:٤٦:١١ EEST" duration-ms="0" status="PASS">
          <reporter-output>
          </reporter-output>
        </test-method> <!-- setUp -->
        <test-method signature="test6()[pri:0, instance:stdNumber_project.StdNumberTestNG@5ccddd20]" started-at="٢٠٢٢-٠٥-١٨T٠٢:٤٦:١١ EEST" name="test6" finished-at="٢٠٢٢-٠٥-١٨T٠٢:٤٦:١١ EEST" duration-ms="0" status="PASS">
          <reporter-output>
          </reporter-output>
        </test-method> <!-- test6 -->
        <test-method signature="test7()[pri:0, instance:stdNumber_project.StdNumberTestNG@5ccddd20]" started-at="٢٠٢٢-٠٥-١٨T٠٢:٤٦:١١ EEST" name="test7" finished-at="٢٠٢٢-٠٥-١٨T٠٢:٤٦:١١ EEST" duration-ms="0" status="PASS">
          <reporter-output>
          </reporter-output>
        </test-method> <!-- test7 -->
        <test-method is-config="true" signature="setUp()[pri:0, instance:stdNumber_project.StdNumberTestNG@5ccddd20]" started-at="٢٠٢٢-٠٥-١٨T٠٢:٤٦:١١ EEST" name="setUp" finished-at="٢٠٢٢-٠٥-١٨T٠٢:٤٦:١١ EEST" duration-ms="0" status="PASS">
          <reporter-output>
          </reporter-output>
        </test-method> <!-- setUp -->
        <test-method is-config="true" signature="setUp()[pri:0, instance:stdNumber_project.StdNumberTestNG@5ccddd20]" started-at="٢٠٢٢-٠٥-١٨T٠٢:٤٦:١١ EEST" name="setUp" finished-at="٢٠٢٢-٠٥-١٨T٠٢:٤٦:١١ EEST" duration-ms="0" status="PASS">
          <reporter-output>
          </reporter-output>
        </test-method> <!-- setUp -->
        <test-method signature="test8()[pri:0, instance:stdNumber_project.StdNumberTestNG@5ccddd20]" started-at="٢٠٢٢-٠٥-١٨T٠٢:٤٦:١١ EEST" name="test8" finished-at="٢٠٢٢-٠٥-١٨T٠٢:٤٦:١١ EEST" duration-ms="1" status="PASS">
          <reporter-output>
          </reporter-output>
        </test-method> <!-- test8 -->
        <test-method signature="test9()[pri:0, instance:stdNumber_project.StdNumberTestNG@5ccddd20]" started-at="٢٠٢٢-٠٥-١٨T٠٢:٤٦:١١ EEST" name="test9" finished-at="٢٠٢٢-٠٥-١٨T٠٢:٤٦:١١ EEST" duration-ms="1" status="PASS">
          <reporter-output>
          </reporter-output>
        </test-method> <!-- test9 -->
        <test-method is-config="true" signature="setUp()[pri:0, instance:stdNumber_project.StdNumberTestNG@5ccddd20]" started-at="٢٠٢٢-٠٥-١٨T٠٢:٤٦:١١ EEST" name="setUp" finished-at="٢٠٢٢-٠٥-١٨T٠٢:٤٦:١١ EEST" duration-ms="0" status="PASS">
          <reporter-output>
          </reporter-output>
        </test-method> <!-- setUp -->
      </class> <!-- stdNumber_project.StdNumberTestNG -->
    </test> <!-- Default test -->
  </suite> <!-- Default suite -->
</testng-results>
